[17:58:38] [main/INFO]: Setting user: ForgeDevName
[17:58:39] [Client thread/INFO]: LWJGL Version: 2.9.1
[17:58:44] [Client thread/INFO]: Reloading ResourceManager: Default, FMLFileResourcePack:Forge Mod Loader, FMLFileResourcePack:Minecraft Forge, FMLFileResourcePack:Lets Mod Reboot
[17:58:45] [Sound Library Loader/INFO]: Sound engine started
[17:58:47] [Client thread/INFO]: Created: 512x256 textures/blocks-atlas
[17:58:47] [Client thread/ERROR]: Using missing texture, unable to load minecraft:textures/items/MISSING_ICON_ITEM_4096_null.png
java.io.FileNotFoundException: minecraft:textures/items/MISSING_ICON_ITEM_4096_null.png
	at net.minecraft.client.resources.FallbackResourceManager.getResource(FallbackResourceManager.java:65) ~[FallbackResourceManager.class:?]
	at net.minecraft.client.resources.SimpleReloadableResourceManager.getResource(SimpleReloadableResourceManager.java:67) ~[SimpleReloadableResourceManager.class:?]
	at net.minecraft.client.renderer.texture.TextureMap.loadTextureAtlas(TextureMap.java:126) [TextureMap.class:?]
	at net.minecraft.client.renderer.texture.TextureMap.loadTexture(TextureMap.java:91) [TextureMap.class:?]
	at net.minecraft.client.renderer.texture.TextureManager.loadTexture(TextureManager.java:89) [TextureManager.class:?]
	at net.minecraft.client.renderer.texture.TextureManager.loadTickableTexture(TextureManager.java:71) [TextureManager.class:?]
	at net.minecraft.client.renderer.texture.TextureManager.loadTextureMap(TextureManager.java:58) [TextureManager.class:?]
	at net.minecraft.client.Minecraft.startGame(Minecraft.java:593) [Minecraft.class:?]
	at net.minecraft.client.Minecraft.run(Minecraft.java:941) [Minecraft.class:?]
	at net.minecraft.client.main.Main.main(Main.java:164) [Main.class:?]
	at sun.reflect.NativeMethodAccessorImpl.invoke0(Native Method) ~[?:1.7.0_65]
	at sun.reflect.NativeMethodAccessorImpl.invoke(NativeMethodAccessorImpl.java:57) ~[?:1.7.0_65]
	at sun.reflect.DelegatingMethodAccessorImpl.invoke(DelegatingMethodAccessorImpl.java:43) ~[?:1.7.0_65]
	at java.lang.reflect.Method.invoke(Method.java:606) ~[?:1.7.0_65]
	at net.minecraft.launchwrapper.Launch.launch(Launch.java:134) [launchwrapper-1.9.jar:?]
	at net.minecraft.launchwrapper.Launch.main(Launch.java:28) [launchwrapper-1.9.jar:?]
	at sun.reflect.NativeMethodAccessorImpl.invoke0(Native Method) ~[?:1.7.0_65]
	at sun.reflect.NativeMethodAccessorImpl.invoke(NativeMethodAccessorImpl.java:57) ~[?:1.7.0_65]
	at sun.reflect.DelegatingMethodAccessorImpl.invoke(DelegatingMethodAccessorImpl.java:43) ~[?:1.7.0_65]
	at java.lang.reflect.Method.invoke(Method.java:606) ~[?:1.7.0_65]
	at GradleStart.bounce(GradleStart.java:108) [start/:?]
	at GradleStart.startClient(GradleStart.java:101) [start/:?]
	at GradleStart.main(GradleStart.java:56) [start/:?]
	at sun.reflect.NativeMethodAccessorImpl.invoke0(Native Method) ~[?:1.7.0_65]
	at sun.reflect.NativeMethodAccessorImpl.invoke(NativeMethodAccessorImpl.java:57) ~[?:1.7.0_65]
	at sun.reflect.DelegatingMethodAccessorImpl.invoke(DelegatingMethodAccessorImpl.java:43) ~[?:1.7.0_65]
	at java.lang.reflect.Method.invoke(Method.java:606) ~[?:1.7.0_65]
	at com.intellij.rt.execution.application.AppMain.main(AppMain.java:134) [idea_rt.jar:?]
[17:58:47] [Client thread/INFO]: Created: 256x256 textures/items-atlas
[17:58:47] [Client thread/INFO]: Reloading ResourceManager: Default, FMLFileResourcePack:Forge Mod Loader, FMLFileResourcePack:Minecraft Forge, FMLFileResourcePack:Lets Mod Reboot
[17:58:47] [Client thread/ERROR]: Using missing texture, unable to load minecraft:textures/items/MISSING_ICON_ITEM_4096_null.png
java.io.FileNotFoundException: minecraft:textures/items/MISSING_ICON_ITEM_4096_null.png
	at net.minecraft.client.resources.FallbackResourceManager.getResource(FallbackResourceManager.java:65) ~[FallbackResourceManager.class:?]
	at net.minecraft.client.resources.SimpleReloadableResourceManager.getResource(SimpleReloadableResourceManager.java:67) ~[SimpleReloadableResourceManager.class:?]
	at net.minecraft.client.renderer.texture.TextureMap.loadTextureAtlas(TextureMap.java:126) [TextureMap.class:?]
	at net.minecraft.client.renderer.texture.TextureMap.loadTexture(TextureMap.java:91) [TextureMap.class:?]
	at net.minecraft.client.renderer.texture.TextureManager.loadTexture(TextureManager.java:89) [TextureManager.class:?]
	at net.minecraft.client.renderer.texture.TextureManager.onResourceManagerReload(TextureManager.java:170) [TextureManager.class:?]
	at net.minecraft.client.resources.SimpleReloadableResourceManager.notifyReloadListeners(SimpleReloadableResourceManager.java:134) [SimpleReloadableResourceManager.class:?]
	at net.minecraft.client.resources.SimpleReloadableResourceManager.reloadResources(SimpleReloadableResourceManager.java:118) [SimpleReloadableResourceManager.class:?]
	at net.minecraft.client.Minecraft.refreshResources(Minecraft.java:653) [Minecraft.class:?]
	at cpw.mods.fml.client.FMLClientHandler.finishMinecraftLoading(FMLClientHandler.java:303) [FMLClientHandler.class:?]
	at net.minecraft.client.Minecraft.startGame(Minecraft.java:596) [Minecraft.class:?]
	at net.minecraft.client.Minecraft.run(Minecraft.java:941) [Minecraft.class:?]
	at net.minecraft.client.main.Main.main(Main.java:164) [Main.class:?]
	at sun.reflect.NativeMethodAccessorImpl.invoke0(Native Method) ~[?:1.7.0_65]
	at sun.reflect.NativeMethodAccessorImpl.invoke(NativeMethodAccessorImpl.java:57) ~[?:1.7.0_65]
	at sun.reflect.DelegatingMethodAccessorImpl.invoke(DelegatingMethodAccessorImpl.java:43) ~[?:1.7.0_65]
	at java.lang.reflect.Method.invoke(Method.java:606) ~[?:1.7.0_65]
	at net.minecraft.launchwrapper.Launch.launch(Launch.java:134) [launchwrapper-1.9.jar:?]
	at net.minecraft.launchwrapper.Launch.main(Launch.java:28) [launchwrapper-1.9.jar:?]
	at sun.reflect.NativeMethodAccessorImpl.invoke0(Native Method) ~[?:1.7.0_65]
	at sun.reflect.NativeMethodAccessorImpl.invoke(NativeMethodAccessorImpl.java:57) ~[?:1.7.0_65]
	at sun.reflect.DelegatingMethodAccessorImpl.invoke(DelegatingMethodAccessorImpl.java:43) ~[?:1.7.0_65]
	at java.lang.reflect.Method.invoke(Method.java:606) ~[?:1.7.0_65]
	at GradleStart.bounce(GradleStart.java:108) [start/:?]
	at GradleStart.startClient(GradleStart.java:101) [start/:?]
	at GradleStart.main(GradleStart.java:56) [start/:?]
	at sun.reflect.NativeMethodAccessorImpl.invoke0(Native Method) ~[?:1.7.0_65]
	at sun.reflect.NativeMethodAccessorImpl.invoke(NativeMethodAccessorImpl.java:57) ~[?:1.7.0_65]
	at sun.reflect.DelegatingMethodAccessorImpl.invoke(DelegatingMethodAccessorImpl.java:43) ~[?:1.7.0_65]
	at java.lang.reflect.Method.invoke(Method.java:606) ~[?:1.7.0_65]
	at com.intellij.rt.execution.application.AppMain.main(AppMain.java:134) [idea_rt.jar:?]
[17:58:47] [Client thread/INFO]: Created: 256x256 textures/items-atlas
[17:58:47] [Client thread/INFO]: Created: 512x256 textures/blocks-atlas
[17:58:48] [Sound Library Loader/INFO]: Sound engine started
[17:58:55] [Client thread/INFO]: Deleting level Test
[17:58:55] [Client thread/INFO]: Attempt 1...
[17:58:57] [Client thread/INFO]: Deleting level Copy of Test
[17:58:57] [Client thread/INFO]: Attempt 1...
[17:59:20] [Server thread/INFO]: Starting integrated minecraft server version 1.7.10
[17:59:20] [Server thread/INFO]: Generating keypair
[17:59:20] [Server thread/INFO]: Converting map!
[17:59:20] [Server thread/INFO]: Scanning folders...
[17:59:20] [Server thread/INFO]: Total conversion count is 0
[17:59:20] [Server thread/INFO]: Preparing start region for level 0
[17:59:21] [Server thread/INFO]: Changing view distance to 12, from 10
[17:59:21] [Server thread/INFO]: ForgeDevName[local:E:cea6f4c3] logged in with entity id 0 at (285.5, 4.0, -315.5)
[17:59:21] [Server thread/INFO]: ForgeDevName joined the game
[17:59:24] [Server thread/INFO]: ForgeDevName has just earned the achievement [Taking Inventory]
[17:59:24] [Client thread/INFO]: [CHAT] ForgeDevName has just earned the achievement [Taking Inventory]
[17:59:45] [Server thread/INFO]: Saving and pausing game...
[17:59:46] [Server thread/INFO]: Saving chunks for level 'Test'/Overworld
[17:59:46] [Server thread/INFO]: Saving chunks for level 'Test'/Nether
[17:59:46] [Server thread/INFO]: Saving chunks for level 'Test'/The End
[17:59:47] [Server thread/INFO]: Stopping server
[17:59:47] [Server thread/INFO]: Saving players
[17:59:47] [Server thread/INFO]: Saving worlds
[17:59:47] [Server thread/INFO]: Saving chunks for level 'Test'/Overworld
[17:59:47] [Server thread/INFO]: Saving chunks for level 'Test'/Nether
[17:59:47] [Server thread/INFO]: Saving chunks for level 'Test'/The End
[17:59:48] [Client thread/INFO]: Stopping!
